0 info it worked if it ends with ok
1 verbose cli [ '/home/amenra/.nvm/versions/node/v7.7.1/bin/node',
1 verbose cli   '/home/amenra/.nvm/versions/node/v7.7.1/bin/npm',
1 verbose cli   'start' ]
2 info using npm@4.1.2
3 info using node@v7.7.1
4 verbose run-script [ 'prestart', 'start', 'poststart' ]
5 info lifecycle ng2-fundamentals-demo@1.0.0~prestart: ng2-fundamentals-demo@1.0.0
6 silly lifecycle ng2-fundamentals-demo@1.0.0~prestart: no script for prestart, continuing
7 info lifecycle ng2-fundamentals-demo@1.0.0~start: ng2-fundamentals-demo@1.0.0
8 verbose lifecycle ng2-fundamentals-demo@1.0.0~start: unsafe-perm in lifecycle true
9 verbose lifecycle ng2-fundamentals-demo@1.0.0~start: PATH: /home/amenra/.nvm/versions/node/v7.7.1/lib/node_modules/npm/bin/node-gyp-bin:/opt/angular/node_modules/.bin:/home/amenra/.nvm/versions/node/v7.7.1/bin:/usr/lib64/qt-3.3/bin:/usr/local/bin:/usr/local/sbin:/usr/bin:/usr/sbin:/bin:/sbin:/home/amenra/.local/bin:/home/amenra/bin
10 verbose lifecycle ng2-fundamentals-demo@1.0.0~start: CWD: /opt/angular
11 silly lifecycle ng2-fundamentals-demo@1.0.0~start: Args: [ '-c',
11 silly lifecycle   'tsc && concurrently "npm run tsc:w" "npm run server" ' ]
12 silly lifecycle ng2-fundamentals-demo@1.0.0~start: Returned: code: 2  signal: null
13 info lifecycle ng2-fundamentals-demo@1.0.0~start: Failed to exec start script
14 verbose stack Error: ng2-fundamentals-demo@1.0.0 start: `tsc && concurrently "npm run tsc:w" "npm run server" `
14 verbose stack Exit status 2
14 verbose stack     at EventEmitter.<anonymous> (/home/amenra/.nvm/versions/node/v7.7.1/lib/node_modules/npm/lib/utils/lifecycle.js:279:16)
14 verbose stack     at emitTwo (events.js:106:13)
14 verbose stack     at EventEmitter.emit (events.js:194:7)
14 verbose stack     at ChildProcess.<anonymous> (/home/amenra/.nvm/versions/node/v7.7.1/lib/node_modules/npm/lib/utils/spawn.js:40:14)
14 verbose stack     at emitTwo (events.js:106:13)
14 verbose stack     at ChildProcess.emit (events.js:194:7)
14 verbose stack     at maybeClose (internal/child_process.js:899:16)
14 verbose stack     at Process.ChildProcess._handle.onexit (internal/child_process.js:226:5)
15 verbose pkgid ng2-fundamentals-demo@1.0.0
16 verbose cwd /opt/angular
17 error Linux 3.10.0-514.6.2.el7.x86_64
18 error argv "/home/amenra/.nvm/versions/node/v7.7.1/bin/node" "/home/amenra/.nvm/versions/node/v7.7.1/bin/npm" "start"
19 error node v7.7.1
20 error npm  v4.1.2
21 error code ELIFECYCLE
22 error ng2-fundamentals-demo@1.0.0 start: `tsc && concurrently "npm run tsc:w" "npm run server" `
22 error Exit status 2
23 error Failed at the ng2-fundamentals-demo@1.0.0 start script 'tsc && concurrently "npm run tsc:w" "npm run server" '.
23 error Make sure you have the latest version of node.js and npm installed.
23 error If you do, this is most likely a problem with the ng2-fundamentals-demo package,
23 error not with npm itself.
23 error Tell the author that this fails on your system:
23 error     tsc && concurrently "npm run tsc:w" "npm run server"
23 error You can get information on how to open an issue for this project with:
23 error     npm bugs ng2-fundamentals-demo
23 error Or if that isn't available, you can get their info via:
23 error     npm owner ls ng2-fundamentals-demo
23 error There is likely additional logging output above.
24 verbose exit [ 1, true ]
